2017-08-16 16:39:13 - MOD: Modification Default

FILE: system/engine/action.php
REGEX: ~(require|include)(_once)?\(([^)]+)~
LINE: 41

FILE: system/engine/loader.php
REGEX: ~(require|include)(_once)?\(([^)]+)~
LINE: 49
LINE: 108
LINE: 120
LINE: 165

FILE: system/library/config.php
REGEX: ~(require|include)(_once)?\(([^)]+)~
LINE: 23

FILE: system/library/language.php
REGEX: ~(require|include)(_once)?\(([^)]+)~
LINE: 38
LINE: 40
LINE: 49
LINE: 51
LINE: 60
LINE: 62

FILE: system/library/template/php.php
REGEX: ~(require|include)(_once)?\(([^)]+)~
LINE: 18

FILE: system/library/template/tiwg.php
REGEX: ~(require|include)(_once)?\(([^)]+)~
LINE: 24
----------------------------------------------------------------
MOD: fondy_payment

FILE: catalog/controller/checkout/checkout.php
CODE: public function index() {
LINE: 11

FILE: catalog/view/theme/default/template/checkout/checkout.tpl
CODE: <h1><?php echo $heading_title; ?></h1>
LINE: 26
----------------------------------------------------------------
MOD: OcStore 2.3.x track number

FILE: admin/controller/sale/order.php
CODE: $data['shipping_method'] = $order_info['shipping_method'];
LINE: 567
LINE: 942
CODE: public function history() {
LINE: 1545

FILE: admin/model/sale/order.php
CODE: $order_query->row['order_id'],
LINE: 96

FILE: catalog/model/checkout/order.php
CODE: $order_query->row['order_id'],
LINE: 170

FILE: admin/view/template/sale/order_info.tpl
CODE: <td><?php echo $text_reward; ?></td>
LINE: 100
CODE: <?php echo $footer; ?>
LINE: 700

FILE: catalog/model/account/order.php
CODE: $order_query->row['order_id'],
LINE: 46

FILE: catalog/controller/account/order.php
CODE: if ($order_info['invoice_no']) {
LINE: 210

FILE: catalog/view/theme/default/template/account/order_info.tpl
CODE: <b><?php echo $text_shipping_method; ?></b> <?php echo $shipping_method; ?>
LINE: 49
----------------------------------------------------------------
MOD: <font color="#263238"><b>Materialize Theme</b></font>

FILE: catalog/controller/checkout/guest.php
CODE: $data['text_select'] = $this->language->get('text_select');
LINE: 7

FILE: catalog/controller/checkout/login.php
CODE: $data['text_checkout_account'] = $this->language->get('text_checkout_account');
LINE: 7

FILE: catalog/controller/checkout/register.php
CODE: $data['text_checkout_payment_address'] = $this->language->get('text_checkout_payment_address');
LINE: 7

FILE: catalog/controller/affiliate/register.php
CODE: $data['heading_title'] = $this->language->get('heading_title');
LINE: 58

FILE: catalog/controller/affiliate/login.php
CODE: $data['heading_title'] = $this->language->get('heading_title');
LINE: 55

FILE: catalog/controller/affiliate/edit.php
CODE: $data['heading_title'] = $this->language->get('heading_title');
LINE: 56

FILE: catalog/controller/account/register.php
CODE: $data['heading_title'] = $this->language->get('heading_title');
LINE: 64

FILE: catalog/controller/account/login.php
CODE: $data['heading_title'] = $this->language->get('heading_title');
LINE: 116

FILE: catalog/controller/account/edit.php
CODE: $data['heading_title'] = $this->language->get('heading_title');
LINE: 61

FILE: catalog/controller/common/header.php
CODE: $this->load->language('common/header');
LINE: 47

FILE: catalog/controller/product/product.php
CODE: $data['points'] = $product_info['points'];
LINE: 281
CODE: $data['text_points'] = $this->language->get('text_points');
LINE: 243
CODE: $data['text_loading'] = $this->language->get('text_loading');
LINE: 256

FILE: catalog/model/catalog/product.php
CODE: $sql .= " AND pf.filter_id IN (" . implode(',', $implode) . ")";
LINE: 104
LINE: 469
CODE: $sql .= " AND p.manufacturer_id = '" . (int)$data['filter_manufacturer_id'] . "'";
LINE: 167
LINE: 538
CODE: public function getRecurringDescription() {
LINE: 717
CODE: public function getTotalProductSpecials() {
LINE: 593

FILE: catalog/controller/common/search.php
CODE: public function index() {
LINE: 57
CODE: public function index() {
LINE: 58
CODE: public function getProduct($product_id) {
LINE: 21

FILE: catalog/controller/affiliate/tracking.php
CODE: $this->load->model('catalog/product');
LINE: 61
CODE: $json[] = array(
LINE: 79
CODE: 'name' => strip_tags(html_entity_decode($result['name'], ENT_QUOTES, 'UTF-8')),
LINE: 81
CODE: $data['categories'][] = array(
LINE: 122
CODE: return $query->row['total'];
LINE: 325
CODE: $store_fax = $store_info['config_fax'];
LINE: 1652
LINE: 1894
CODE: => $order_info['store_name'],
LINE: 1801
LINE: 2010
CODE: $option_data = array();
LINE: 1024
LINE: 1743
LINE: 1958
CODE: $product_data[] = array(
LINE: 1767
LINE: 1993
CODE: $product_data[] = array(
LINE: 1769
LINE: 1997

FILE: admin/view/template/sale/order_shipping.tpl
CODE: <div style="page-break-after: always;">
LINE: 16
CODE: <td><b><?php echo $column_product; ?></b></td>
LINE: 67
CODE: <td><?php echo $product['name']; ?>
LINE: 96

FILE: admin/view/template/sale/order_invoice.tpl
CODE: <div style="page-break-after: always;">
LINE: 16
CODE: <td><b><?php echo $column_product; ?></b></td>
LINE: 69
CODE: <td><?php echo $product['name']; ?>
LINE: 80
CODE: colspan="4"
LINE: 102

FILE: system/library/document.php
CODE: public function addLink($href, $rel) {
LINE: 34
CODE: 'rel'  => $rel
LINE: 37
CODE: $this->document->addLink($server . 'image/' . $this->config->get('config_icon'), 'icon');
LINE: 23

FILE: catalog/controller/product/category.php
CODE: $data['categories'][] = array(
LINE: 171
CODE: public function index() {
LINE: 7

FILE: catalog/controller/common/footer.php
CODE: $data['contact'] = $this->url->link('information/contact');
LINE: 36
CODE: $data['points'] = $product_info['points'];
LINE: 283
CODE: $data['points'] = $product_info['points'];
LINE: 283
CODE: $data['rating'] = (int)$product_info['rating'];
LINE: 408
CODE: $data['logo'] = $server . 'image/' . $this->config->get('config_logo');
LINE: 72
CODE: $data['text_all'] = $this->language->get('text_all');
LINE: 112
CODE: $data['name'] = $this->config->get('config_name');
LINE: 68
CODE: $data['text_newsletter'] = $this->language->get('text_newsletter');
LINE: 25
CODE: $data['powered'] = sprintf($this->language->get('text_powered'), $this->config->get('config_name'), date('Y', time()));
LINE: 54

FILE: catalog/controller/common/cart.php
CODE: $data['text_loading'] = $this->language->get('text_loading');
LINE: 56
CODE: $data['text_items'] = sprintf($this->language->get('text_items'), $this->cart->countProducts() + (isset($this->session->data['vouchers']) ? count($this->session->data['vouchers']) : 0), $this->currency->format($total, $this->session->data['currency']));
LINE: 53

FILE: catalog/controller/checkout/cart.php
CODE: $json['total'] = sprintf($this->language->get('text_items'), $this->cart->countProducts() + (isset($this->session->data['vouchers']) ? count($this->session->data['vouchers']) : 0), $this->currency->format($total, $this->session->data['currency']));
LINE: 394
LINE: 493

FILE: catalog/controller/product/compare.php
CODE: $json['total'] = sprintf($this->language->get('text_compare'), (isset($this->session->data['compare']) ? count($this->session->data['compare']) : 0));
LINE: 188

FILE: catalog/controller/product/search.php
CODE: $data['text_limit'] = $this->language->get('text_limit');
LINE: 151
CODE: $data['text_limit'] = $this->language->get('text_limit');
LINE: 123
CODE: $data['text_loading'] = $this->language->get('text_loading');
LINE: 260
CODE: $data['text_loading'] = $this->language->get('text_loading');
LINE: 263

FILE: catalog/controller/product/manufacturer.php
CODE: $data['text_empty'] = $this->language->get('text_empty');
LINE: 19
LINE: 178

FILE: catalog/controller/product/special.php
CODE: $data['text_limit'] = $this->language->get('text_limit');
LINE: 79

FILE: catalog/controller/extension/module/latest.php
CODE: $data['text_tax'] = $this->language->get('text_tax');
LINE: 9

FILE: catalog/controller/extension/module/bestseller.php
CODE: $data['text_tax'] = $this->language->get('text_tax');
LINE: 9

FILE: catalog/controller/extension/module/featured.php
CODE: $data['text_tax'] = $this->language->get('text_tax');
LINE: 9

FILE: catalog/controller/extension/module/special.php
CODE: $data['text_tax'] = $this->language->get('text_tax');
LINE: 9
CODE: public function index() {
LINE: 3
CODE: public function index() {
LINE: 3
CODE: public function index() {
LINE: 3
CODE: public function index() {
LINE: 3
CODE: public function info() {
LINE: 72
CODE: public function index() {
LINE: 5
CODE: public function review() {
LINE: 589
CODE: public function index() {
LINE: 3
CODE: public function index() {
LINE: 3
CODE: public function index($setting) {
LINE: 3

FILE: catalog/controller/extension/module/carousel.php
CODE: public function index($setting) {
LINE: 3

FILE: catalog/controller/extension/module/banner.php
CODE: public function index($setting) {
LINE: 3
CODE: public function index($setting) {
LINE: 3
CODE: public function index($setting) {
LINE: 3
CODE: public function index($setting) {
LINE: 3
CODE: public function index() {
LINE: 3
CODE: $this->document->setDescription($product_info['meta_description']);
LINE: 223
CODE: public function getProducts($data = array()) {
LINE: 82
CODE: $product_info = $this->model_catalog_product->getProduct($product_id);
LINE: 160
LINE: 771
CODE: $data['home'] = $this->url->link('common/home');
LINE: 120
CODE: $sql .= " ORDER BY LCASE(" . $data['sort'] . ")";
LINE: 207
LINE: 259
CODE: $sql .= " ORDER BY (CASE WHEN special IS NOT NULL THEN special WHEN discount IS NOT NULL THEN discount ELSE p.price END)";
LINE: 209
CODE: $sql .= " ORDER BY " . $data['sort'];
LINE: 211
LINE: 261
CODE: $sql .= " ORDER BY p.sort_order";
LINE: 214
LINE: 264
CODE: $data['breadcrumbs'] = array();
LINE: 47
CODE: $data['button_cart'] = $this->language->get('button_cart');
LINE: 132
CODE: $filter,
LINE: 201
CODE: $data['limit'] = $limit;
LINE: 398
CODE: if (!empty($data['filter_name']) || !empty($data['filter_tag'])) {
LINE: 134
LINE: 508

FILE: system/library/image.php
CODE: public function save($file, $quality = 90) {
LINE: 56
CODE: imagejpeg($this->image, $file, $quality);
LINE: 63

FILE: system/library/cart/weight.php
CODE: public function format($value, $weight_class_id, $decimal_point = '.', $thousand_point = ',') {
LINE: 41
CODE: return number_format($value, 2, $decimal_point, $thousand_point) . $this->weights[$weight_class_id]['unit'];
LINE: 43
CODE: return number_format($value, 2, $decimal_point, $thousand_point);
LINE: 45
CODE: $data['text_tags'] = $this->language->get('text_tags');
LINE: 267
CODE: $data['points'] = $product_info['points'];
LINE: 311
CODE: 'name'  => $child['name'] . ($this->config->get('config_product_count') ? ' (' . $this->model_catalog_product->getTotalProducts($filter_data) . ')' : ''),
LINE: 158

FILE: catalog/controller/extension/module/category.php
CODE: 'name' => $child['name'] . ($this->config->get('config_product_count') ? ' (' . $this->model_catalog_product->getTotalProducts($filter_data) . ')' : ''),
LINE: 44
CODE: 'name'        => $category['name'] . ($this->config->get('config_product_count') ? ' (' . $this->model_catalog_product->getTotalProducts($filter_data) . ')' : ''),
LINE: 57

FILE: admin/model/catalog/product.php
CODE: $this->db->query("DELETE FROM " . DB_PREFIX . "product_related WHERE product_id = '" . (int)$related_id . "' AND related_id = '" . (int)$product_id . "'");
LINE: 101
LINE: 254
CODE: $this->db->query("INSERT INTO " . DB_PREFIX . "product_related SET product_id = '" . (int)$related_id . "', related_id = '" . (int)$product_id . "'");
LINE: 102
LINE: 255
CODE: $this->db->query("DELETE FROM " . DB_PREFIX . "product_related WHERE related_id = '" . (int)$product_id . "'");
LINE: 248
LINE: 337

FILE: admin/controller/catalog/product.php
CODE: if (isset($this->request->post['status'])) {
LINE: 1041
CODE: $data['entry_status'] = $this->language->get('entry_status');
LINE: 671
CODE: if (isset($data['image'])) {
LINE: 10
LINE: 144

FILE: admin/view/template/catalog/product_form.tpl
CODE: <label class="col-sm-2 control-label" for="input-status"><?php echo $entry_status; ?></label>
LINE: 323
CODE: $data['rating'] = (int)$product_info['rating'];
LINE: 437
CODE: 'product_id'  => $result['product_id'],
LINE: 488
CODE: 'product_id'  => $result['product_id'],
LINE: 247
CODE: 'product_id'  => $result['product_id'],
LINE: 137
CODE: 'product_id'  => $result['product_id'],
LINE: 245
CODE: 'product_id'  => $result['product_id'],
LINE: 256
CODE: 'product_id'   => $product_info['product_id'],
LINE: 115
CODE: 'product_id'  => $result['product_id'],
LINE: 65
CODE: 'product_id'  => $result['product_id'],
LINE: 65
CODE: 'product_id'  => $result['product_id'],
LINE: 58
CODE: 'product_id'  => $product_info['product_id'],
LINE: 65

FILE: catalog/controller/account/wishlist.php
CODE: 'product_id' => $product_info['product_id'],
LINE: 104
CODE: 'viewed'           => $query->row['viewed']
LINE: 67
CODE: $special = $this->currency->format($this->tax->calculate($result['special'], $result['tax_class_id'], $this->config->get('config_tax')), $this->session->data['currency']);
LINE: 470
CODE: $special = false;
LINE: 473
CODE: 'special'     => $special,
LINE: 496
CODE: $special = $this->currency->format($this->tax->calculate($result['special'], $result['tax_class_id'], $this->config->get('config_tax')), $this->session->data['currency']);
LINE: 229
CODE: $special = false;
LINE: 232
CODE: 'special'     => $special,
LINE: 255
CODE: $special = $this->currency->format($this->tax->calculate($result['special'], $result['tax_class_id'], $this->config->get('config_tax')), $this->session->data['currency']);
LINE: 238
CODE: $special = false;
LINE: 241
CODE: 'special'     => $special,
LINE: 264
CODE: $special = $this->currency->format($this->tax->calculate($product_info['special'], $product_info['tax_class_id'], $this->config->get('config_tax')), $this->session->data['currency']);
LINE: 47
CODE: $special = false;
LINE: 50
CODE: 'special'     => $special,
LINE: 73
CODE: $special = $this->currency->format($this->tax->calculate($result['special'], $result['tax_class_id'], $this->config->get('config_tax')), $this->session->data['currency']);
LINE: 40
CODE: $special = false;
LINE: 43
CODE: 'special'     => $special,
LINE: 66
CODE: $special = $this->currency->format($this->tax->calculate($result['special'], $result['tax_class_id'], $this->config->get('config_tax')), $this->session->data['currency']);
LINE: 47
CODE: $special = false;
LINE: 50
CODE: 'special'     => $special,
LINE: 73
CODE: $special = $this->currency->format($this->tax->calculate($result['special'], $result['tax_class_id'], $this->config->get('config_tax')), $this->session->data['currency']);
LINE: 47
CODE: $special = false;
LINE: 50
CODE: 'special'     => $special,
LINE: 73
CODE: $special = $this->currency->format($this->tax->calculate($result['special'], $result['tax_class_id'], $this->config->get('config_tax')), $this->session->data['currency']);
LINE: 227
CODE: $special = false;
LINE: 230
CODE: 'special'     => $special,
LINE: 253
CODE: $special = $this->currency->format($this->tax->calculate($result['special'], $result['tax_class_id'], $this->config->get('config_tax')), $this->session->data['currency']);
LINE: 119
CODE: $special = false;
LINE: 122
CODE: 'special'     => $special,
LINE: 145
CODE: $data['special'] = $this->currency->format($this->tax->calculate($product_info['special'], $product_info['tax_class_id'], $this->config->get('config_tax')), $this->session->data['currency']);
LINE: 359
CODE: $data['special'] = false;
LINE: 362
CODE: $this->load->model('tool/image');
LINE: 334
CODE: 'href' => $this->url->link('product/manufacturer/info', 'manufacturer_id=' . $result['manufacturer_id'])
LINE: 58
CODE: 'viewed'           => $query->row['viewed'],
LINE: 70
CODE: $data['points'] = $product_info['points'];
LINE: 313
CODE: $data['stock'] = $product_info['quantity'];
LINE: 327
CODE: $data['stock'] = $this->language->get('text_instock');
LINE: 333
CODE: $data['stock'] = $product_info['stock_status'];
LINE: 339
CODE: $data['popup'] = $this->model_tool_image->resize($product_info['image'], $this->config->get($this->config->get('config_theme') . '_image_popup_width'), $this->config->get($this->config->get('config_theme') . '_image_popup_height'));
LINE: 369
CODE: $data['thumb'] = $this->model_tool_image->resize($product_info['image'], $this->config->get($this->config->get('config_theme') . '_image_thumb_width'), $this->config->get($this->config->get('config_theme') . '_image_thumb_height'));
LINE: 378
CODE: $data['images'] = array();
LINE: 392
CODE: 'popup' => $this->model_tool_image->resize($result['image'], $this->config->get($this->config->get('config_theme') . '_image_popup_width'), $this->config->get($this->config->get('config_theme') . '_image_popup_height')),
LINE: 401
CODE: $data['images'] = array();
LINE: 400
CODE: if (isset($this->request->post['image'])) {
LINE: 1321
CODE: $product_id = $this->db->getLastId();
LINE: 16
CODE: date_modified = NOW() WHERE product_id = '" . (int)$product_id . "'");
LINE: 163
CODE: public function getProductImages($product_id) {
LINE: 610
CODE: public function getProductImages($product_id) {
LINE: 431
CODE: <li><a href="#tab-design" data-toggle="tab"><?php echo $tab_design; ?></a></li>
LINE: 40
CODE: <div class="tab-pane" id="tab-design">
LINE: 998
CODE: <?php echo $footer; ?>
LINE: 1603
CODE: public function autocomplete()
LINE: 1515
CODE: $data['action']
LINE: 800
CODE: $data['action']
LINE: 803
CODE: catalog/product_form
LINE: 1453
CODE: <div class="panel panel-default">
LINE: 22
CODE: <ul class="nav nav-tabs">
LINE: 32
CODE: <div class="pull-right">
LINE: 5
CODE: <?php echo $footer; ?>
LINE: 1625

FILE: admin/controller/catalog/category.php
CODE: public function autocomplete()
LINE: 737
CODE: $data['action']
LINE: 399
CODE: $data['action']
LINE: 402
CODE: catalog/category_form
LINE: 562

FILE: admin/view/template/catalog/category_form.tpl
CODE: <div class="panel panel-default">
LINE: 21
CODE: <ul class="nav nav-tabs">
LINE: 31
CODE: <div class="pull-right">
LINE: 5
CODE: <?php echo $footer; ?>
LINE: 336
----------------------------------------------------------------
MOD: <font color="#263238"><b>Materialize Theme — russian settings</b></font>

FILE: catalog/language/ru-ru/checkout/checkout.php
CODE: <?php
LINE: 2

FILE: catalog/language/ru-ru/affiliate/register.php
CODE: <?php
LINE: 2

FILE: catalog/language/ru-ru/affiliate/login.php
CODE: <?php
LINE: 2

FILE: catalog/language/ru-ru/affiliate/edit.php
CODE: <?php
LINE: 2

FILE: catalog/language/ru-ru/account/register.php
CODE: <?php
LINE: 2

FILE: catalog/language/ru-ru/account/login.php
CODE: <?php
LINE: 2

FILE: catalog/language/ru-ru/account/edit.php
CODE: <?php
LINE: 2

FILE: catalog/language/ru-ru/common/header.php
CODE: <?php
LINE: 1
CODE: <?php
LINE: 5

FILE: catalog/language/ru-ru/common/footer.php
CODE: <?php
LINE: 5
CODE: <a target="_blank" href="
LINE: 21

FILE: catalog/language/ru-ru/common/cart.php
CODE: <?php
LINE: 2

FILE: catalog/language/ru-ru/product/search.php
CODE: <?php
LINE: 7

FILE: catalog/language/ru-ru/product/category.php
CODE: <?php
LINE: 5

FILE: catalog/language/ru-ru/product/product.php
CODE: <?php
LINE: 8
CODE: <?php
LINE: 5

FILE: catalog/language/ru-ru/product/manufacturer.php
CODE: <?php
LINE: 5

FILE: catalog/language/ru-ru/product/special.php
CODE: <?php
LINE: 3

FILE: catalog/language/ru-ru/extension/module/latest.php
CODE: <?php
LINE: 2

FILE: catalog/language/ru-ru/extension/module/bestseller.php
CODE: <?php
LINE: 2

FILE: catalog/language/ru-ru/extension/module/featured.php
CODE: <?php
LINE: 2

FILE: catalog/language/ru-ru/extension/module/special.php
CODE: <?php
LINE: 2

FILE: catalog/language/ru-ru/product/compare.php
CODE: <?php
LINE: 1
CODE: <?php
LINE: 1
CODE: <?php
LINE: 1

FILE: admin/language/ru-ru/catalog/product.php
CODE: <?php
LINE: 1
CODE: <?php
LINE: 4
CODE: $_['heading_title'] = 'Последние';
LINE: 4

FILE: catalog/language/ru-ru/checkout/cart.php
CODE: $_['text_success']             = 'Товар <a href="%s">%s</a> добавлен в вашу <a href="%s">корзину</a>!';
LINE: 5
CODE: $_['error_required']           = '%s необходим!';
LINE: 39
CODE: $_['text_instock']                            = 'На складе';
LINE: 23
CODE: $_['text_option']                             = 'Доступные опции';
LINE: 26
CODE: $_['text_minimum']                            = 'Минимальное кол-во для заказа этого товара: %s. ';
LINE: 27
CODE: $_['text_reviews']                            = '%s отзывов';
LINE: 28
CODE: $_['text_note']                               = '<span class="text-danger">Внимание:</span> HTML не поддерживается! Используйте обычный текст!';
LINE: 32
CODE: $_['text_related']                            = 'Рекомендуемые товары';
LINE: 34
CODE: $_['entry_qty']                               = 'Кол-во';
LINE: 48
CODE: $_['text_success']      = 'Товар <a href="%s">%s</a> успешно добавлен в <a href="%s">список сравнения</a>!';
LINE: 20
CODE: $_['text_summary']      = 'Summary';
NOT FOUND - OPERATION SKIPPED!

FILE: catalog/language/ru-ru/account/wishlist.php
CODE: $_['text_login']    = 'Необходимо войти в <a href="%s">Личный кабинет</a> или <a href="%s">создать учетную запись</a>, чтобы добавить товар <a href="%s">%s</a> в свои <a href="%s">закладки</a>!';
LINE: 8
CODE: $_['text_success']  = 'Товар <a href="%s">%s</a> успешно добавлен в <a href="%s">закладки</a>!';
LINE: 9
CODE: $_['text_account']				   = 'Личный rабинет';
LINE: 7

FILE: catalog/language/ru-ru/ru-ru.php
CODE: $_['button_filter']         = 'Уточнение поиска';
LINE: 36

FILE: catalog/language/ru-ru/common/maintenance.php
CODE: $_['text_message']     = '<br/><br/><br/><br/><br/><br/><br/><br/><br/><br/><h1 style="text-align:center;">В настоящее время магазин закрыт на техническое обслуживание. <br/>Пожалуйста, зайдите чуть позже!</h1><br/><br/><br/><br/><br/><br/><br/><br/><br/><br/>';
LINE: 6
----------------------------------------------------------------
2017-08-16 17:07:17 - MOD: Modification Default

FILE: system/engine/action.php
REGEX: ~(require|include)(_once)?\(([^)]+)~
LINE: 41

FILE: system/engine/loader.php
REGEX: ~(require|include)(_once)?\(([^)]+)~
LINE: 49
LINE: 108
LINE: 120
LINE: 165

FILE: system/library/config.php
REGEX: ~(require|include)(_once)?\(([^)]+)~
LINE: 23

FILE: system/library/language.php
REGEX: ~(require|include)(_once)?\(([^)]+)~
LINE: 38
LINE: 40
LINE: 49
LINE: 51
LINE: 60
LINE: 62

FILE: system/library/template/php.php
REGEX: ~(require|include)(_once)?\(([^)]+)~
LINE: 18

FILE: system/library/template/tiwg.php
REGEX: ~(require|include)(_once)?\(([^)]+)~
LINE: 24
----------------------------------------------------------------
MOD: fondy_payment

FILE: catalog/controller/checkout/checkout.php
CODE: public function index() {
LINE: 11

FILE: catalog/view/theme/default/template/checkout/checkout.tpl
CODE: <h1><?php echo $heading_title; ?></h1>
LINE: 26
----------------------------------------------------------------
MOD: OcStore 2.3.x track number

FILE: admin/controller/sale/order.php
CODE: $data['shipping_method'] = $order_info['shipping_method'];
LINE: 567
LINE: 942
CODE: public function history() {
LINE: 1545

FILE: admin/model/sale/order.php
CODE: $order_query->row['order_id'],
LINE: 96

FILE: catalog/model/checkout/order.php
CODE: $order_query->row['order_id'],
LINE: 170

FILE: admin/view/template/sale/order_info.tpl
CODE: <td><?php echo $text_reward; ?></td>
LINE: 100
CODE: <?php echo $footer; ?>
LINE: 700

FILE: catalog/model/account/order.php
CODE: $order_query->row['order_id'],
LINE: 46

FILE: catalog/controller/account/order.php
CODE: if ($order_info['invoice_no']) {
LINE: 210

FILE: catalog/view/theme/default/template/account/order_info.tpl
CODE: <b><?php echo $text_shipping_method; ?></b> <?php echo $shipping_method; ?>
LINE: 49
----------------------------------------------------------------
MOD: <font color="#263238"><b>Materialize Theme</b></font>

FILE: catalog/controller/checkout/guest.php
CODE: $data['text_select'] = $this->language->get('text_select');
LINE: 7

FILE: catalog/controller/checkout/login.php
CODE: $data['text_checkout_account'] = $this->language->get('text_checkout_account');
LINE: 7

FILE: catalog/controller/checkout/register.php
CODE: $data['text_checkout_payment_address'] = $this->language->get('text_checkout_payment_address');
LINE: 7

FILE: catalog/controller/affiliate/register.php
CODE: $data['heading_title'] = $this->language->get('heading_title');
LINE: 58

FILE: catalog/controller/affiliate/login.php
CODE: $data['heading_title'] = $this->language->get('heading_title');
LINE: 55

FILE: catalog/controller/affiliate/edit.php
CODE: $data['heading_title'] = $this->language->get('heading_title');
LINE: 56

FILE: catalog/controller/account/register.php
CODE: $data['heading_title'] = $this->language->get('heading_title');
LINE: 64

FILE: catalog/controller/account/login.php
CODE: $data['heading_title'] = $this->language->get('heading_title');
LINE: 116

FILE: catalog/controller/account/edit.php
CODE: $data['heading_title'] = $this->language->get('heading_title');
LINE: 61

FILE: catalog/controller/common/header.php
CODE: $this->load->language('common/header');
LINE: 47

FILE: catalog/controller/product/product.php
CODE: $data['points'] = $product_info['points'];
LINE: 281
CODE: $data['text_points'] = $this->language->get('text_points');
LINE: 243
CODE: $data['text_loading'] = $this->language->get('text_loading');
LINE: 256

FILE: catalog/model/catalog/product.php
CODE: $sql .= " AND pf.filter_id IN (" . implode(',', $implode) . ")";
LINE: 104
LINE: 469
CODE: $sql .= " AND p.manufacturer_id = '" . (int)$data['filter_manufacturer_id'] . "'";
LINE: 167
LINE: 538
CODE: public function getRecurringDescription() {
LINE: 717
CODE: public function getTotalProductSpecials() {
LINE: 593

FILE: catalog/controller/common/search.php
CODE: public function index() {
LINE: 57
CODE: public function index() {
LINE: 58
CODE: public function getProduct($product_id) {
LINE: 21

FILE: catalog/controller/affiliate/tracking.php
CODE: $this->load->model('catalog/product');
LINE: 61
CODE: $json[] = array(
LINE: 79
CODE: 'name' => strip_tags(html_entity_decode($result['name'], ENT_QUOTES, 'UTF-8')),
LINE: 81
CODE: $data['categories'][] = array(
LINE: 122
CODE: return $query->row['total'];
LINE: 325
CODE: $store_fax = $store_info['config_fax'];
LINE: 1652
LINE: 1894
CODE: => $order_info['store_name'],
LINE: 1801
LINE: 2010
CODE: $option_data = array();
LINE: 1024
LINE: 1743
LINE: 1958
CODE: $product_data[] = array(
LINE: 1767
LINE: 1993
CODE: $product_data[] = array(
LINE: 1769
LINE: 1997

FILE: admin/view/template/sale/order_shipping.tpl
CODE: <div style="page-break-after: always;">
LINE: 16
CODE: <td><b><?php echo $column_product; ?></b></td>
LINE: 67
CODE: <td><?php echo $product['name']; ?>
LINE: 96

FILE: admin/view/template/sale/order_invoice.tpl
CODE: <div style="page-break-after: always;">
LINE: 16
CODE: <td><b><?php echo $column_product; ?></b></td>
LINE: 69
CODE: <td><?php echo $product['name']; ?>
LINE: 80
CODE: colspan="4"
LINE: 102

FILE: system/library/document.php
CODE: public function addLink($href, $rel) {
LINE: 34
CODE: 'rel'  => $rel
LINE: 37
CODE: $this->document->addLink($server . 'image/' . $this->config->get('config_icon'), 'icon');
LINE: 23

FILE: catalog/controller/product/category.php
CODE: $data['categories'][] = array(
LINE: 171
CODE: public function index() {
LINE: 7

FILE: catalog/controller/common/footer.php
CODE: $data['contact'] = $this->url->link('information/contact');
LINE: 36
CODE: $data['points'] = $product_info['points'];
LINE: 283
CODE: $data['points'] = $product_info['points'];
LINE: 283
CODE: $data['rating'] = (int)$product_info['rating'];
LINE: 408
CODE: $data['logo'] = $server . 'image/' . $this->config->get('config_logo');
LINE: 72
CODE: $data['text_all'] = $this->language->get('text_all');
LINE: 112
CODE: $data['name'] = $this->config->get('config_name');
LINE: 68
CODE: $data['text_newsletter'] = $this->language->get('text_newsletter');
LINE: 25
CODE: $data['powered'] = sprintf($this->language->get('text_powered'), $this->config->get('config_name'), date('Y', time()));
LINE: 54

FILE: catalog/controller/common/cart.php
CODE: $data['text_loading'] = $this->language->get('text_loading');
LINE: 56
CODE: $data['text_items'] = sprintf($this->language->get('text_items'), $this->cart->countProducts() + (isset($this->session->data['vouchers']) ? count($this->session->data['vouchers']) : 0), $this->currency->format($total, $this->session->data['currency']));
LINE: 53

FILE: catalog/controller/checkout/cart.php
CODE: $json['total'] = sprintf($this->language->get('text_items'), $this->cart->countProducts() + (isset($this->session->data['vouchers']) ? count($this->session->data['vouchers']) : 0), $this->currency->format($total, $this->session->data['currency']));
LINE: 394
LINE: 493

FILE: catalog/controller/product/compare.php
CODE: $json['total'] = sprintf($this->language->get('text_compare'), (isset($this->session->data['compare']) ? count($this->session->data['compare']) : 0));
LINE: 188

FILE: catalog/controller/product/search.php
CODE: $data['text_limit'] = $this->language->get('text_limit');
LINE: 151
CODE: $data['text_limit'] = $this->language->get('text_limit');
LINE: 123
CODE: $data['text_loading'] = $this->language->get('text_loading');
LINE: 260
CODE: $data['text_loading'] = $this->language->get('text_loading');
LINE: 263

FILE: catalog/controller/product/manufacturer.php
CODE: $data['text_empty'] = $this->language->get('text_empty');
LINE: 19
LINE: 178

FILE: catalog/controller/product/special.php
CODE: $data['text_limit'] = $this->language->get('text_limit');
LINE: 79

FILE: catalog/controller/extension/module/latest.php
CODE: $data['text_tax'] = $this->language->get('text_tax');
LINE: 9

FILE: catalog/controller/extension/module/bestseller.php
CODE: $data['text_tax'] = $this->language->get('text_tax');
LINE: 9

FILE: catalog/controller/extension/module/featured.php
CODE: $data['text_tax'] = $this->language->get('text_tax');
LINE: 9

FILE: catalog/controller/extension/module/special.php
CODE: $data['text_tax'] = $this->language->get('text_tax');
LINE: 9
CODE: public function index() {
LINE: 3
CODE: public function index() {
LINE: 3
CODE: public function index() {
LINE: 3
CODE: public function index() {
LINE: 3
CODE: public function info() {
LINE: 72
CODE: public function index() {
LINE: 5
CODE: public function review() {
LINE: 589
CODE: public function index() {
LINE: 3
CODE: public function index() {
LINE: 3
CODE: public function index($setting) {
LINE: 3

FILE: catalog/controller/extension/module/carousel.php
CODE: public function index($setting) {
LINE: 3

FILE: catalog/controller/extension/module/banner.php
CODE: public function index($setting) {
LINE: 3
CODE: public function index($setting) {
LINE: 3
CODE: public function index($setting) {
LINE: 3
CODE: public function index($setting) {
LINE: 3
CODE: public function index() {
LINE: 3
CODE: $this->document->setDescription($product_info['meta_description']);
LINE: 223
CODE: public function getProducts($data = array()) {
LINE: 82
CODE: $product_info = $this->model_catalog_product->getProduct($product_id);
LINE: 160
LINE: 771
CODE: $data['home'] = $this->url->link('common/home');
LINE: 120
CODE: $sql .= " ORDER BY LCASE(" . $data['sort'] . ")";
LINE: 207
LINE: 259
CODE: $sql .= " ORDER BY (CASE WHEN special IS NOT NULL THEN special WHEN discount IS NOT NULL THEN discount ELSE p.price END)";
LINE: 209
CODE: $sql .= " ORDER BY " . $data['sort'];
LINE: 211
LINE: 261
CODE: $sql .= " ORDER BY p.sort_order";
LINE: 214
LINE: 264
CODE: $data['breadcrumbs'] = array();
LINE: 47
CODE: $data['button_cart'] = $this->language->get('button_cart');
LINE: 132
CODE: $filter,
LINE: 201
CODE: $data['limit'] = $limit;
LINE: 398
CODE: if (!empty($data['filter_name']) || !empty($data['filter_tag'])) {
LINE: 134
LINE: 508

FILE: system/library/image.php
CODE: public function save($file, $quality = 90) {
LINE: 56
CODE: imagejpeg($this->image, $file, $quality);
LINE: 63

FILE: system/library/cart/weight.php
CODE: public function format($value, $weight_class_id, $decimal_point = '.', $thousand_point = ',') {
LINE: 41
CODE: return number_format($value, 2, $decimal_point, $thousand_point) . $this->weights[$weight_class_id]['unit'];
LINE: 43
CODE: return number_format($value, 2, $decimal_point, $thousand_point);
LINE: 45
CODE: $data['text_tags'] = $this->language->get('text_tags');
LINE: 267
CODE: $data['points'] = $product_info['points'];
LINE: 311
CODE: 'name'  => $child['name'] . ($this->config->get('config_product_count') ? ' (' . $this->model_catalog_product->getTotalProducts($filter_data) . ')' : ''),
LINE: 158

FILE: catalog/controller/extension/module/category.php
CODE: 'name' => $child['name'] . ($this->config->get('config_product_count') ? ' (' . $this->model_catalog_product->getTotalProducts($filter_data) . ')' : ''),
LINE: 44
CODE: 'name'        => $category['name'] . ($this->config->get('config_product_count') ? ' (' . $this->model_catalog_product->getTotalProducts($filter_data) . ')' : ''),
LINE: 57

FILE: admin/model/catalog/product.php
CODE: $this->db->query("DELETE FROM " . DB_PREFIX . "product_related WHERE product_id = '" . (int)$related_id . "' AND related_id = '" . (int)$product_id . "'");
LINE: 101
LINE: 254
CODE: $this->db->query("INSERT INTO " . DB_PREFIX . "product_related SET product_id = '" . (int)$related_id . "', related_id = '" . (int)$product_id . "'");
LINE: 102
LINE: 255
CODE: $this->db->query("DELETE FROM " . DB_PREFIX . "product_related WHERE related_id = '" . (int)$product_id . "'");
LINE: 248
LINE: 337

FILE: admin/controller/catalog/product.php
CODE: if (isset($this->request->post['status'])) {
LINE: 1041
CODE: $data['entry_status'] = $this->language->get('entry_status');
LINE: 671
CODE: if (isset($data['image'])) {
LINE: 10
LINE: 144

FILE: admin/view/template/catalog/product_form.tpl
CODE: <label class="col-sm-2 control-label" for="input-status"><?php echo $entry_status; ?></label>
LINE: 323
CODE: $data['rating'] = (int)$product_info['rating'];
LINE: 437
CODE: 'product_id'  => $result['product_id'],
LINE: 488
CODE: 'product_id'  => $result['product_id'],
LINE: 247
CODE: 'product_id'  => $result['product_id'],
LINE: 137
CODE: 'product_id'  => $result['product_id'],
LINE: 245
CODE: 'product_id'  => $result['product_id'],
LINE: 256
CODE: 'product_id'   => $product_info['product_id'],
LINE: 115
CODE: 'product_id'  => $result['product_id'],
LINE: 65
CODE: 'product_id'  => $result['product_id'],
LINE: 65
CODE: 'product_id'  => $result['product_id'],
LINE: 58
CODE: 'product_id'  => $product_info['product_id'],
LINE: 65

FILE: catalog/controller/account/wishlist.php
CODE: 'product_id' => $product_info['product_id'],
LINE: 104
CODE: 'viewed'           => $query->row['viewed']
LINE: 67
CODE: $special = $this->currency->format($this->tax->calculate($result['special'], $result['tax_class_id'], $this->config->get('config_tax')), $this->session->data['currency']);
LINE: 470
CODE: $special = false;
LINE: 473
CODE: 'special'     => $special,
LINE: 496
CODE: $special = $this->currency->format($this->tax->calculate($result['special'], $result['tax_class_id'], $this->config->get('config_tax')), $this->session->data['currency']);
LINE: 229
CODE: $special = false;
LINE: 232
CODE: 'special'     => $special,
LINE: 255
CODE: $special = $this->currency->format($this->tax->calculate($result['special'], $result['tax_class_id'], $this->config->get('config_tax')), $this->session->data['currency']);
LINE: 238
CODE: $special = false;
LINE: 241
CODE: 'special'     => $special,
LINE: 264
CODE: $special = $this->currency->format($this->tax->calculate($product_info['special'], $product_info['tax_class_id'], $this->config->get('config_tax')), $this->session->data['currency']);
LINE: 47
CODE: $special = false;
LINE: 50
CODE: 'special'     => $special,
LINE: 73
CODE: $special = $this->currency->format($this->tax->calculate($result['special'], $result['tax_class_id'], $this->config->get('config_tax')), $this->session->data['currency']);
LINE: 40
CODE: $special = false;
LINE: 43
CODE: 'special'     => $special,
LINE: 66
CODE: $special = $this->currency->format($this->tax->calculate($result['special'], $result['tax_class_id'], $this->config->get('config_tax')), $this->session->data['currency']);
LINE: 47
CODE: $special = false;
LINE: 50
CODE: 'special'     => $special,
LINE: 73
CODE: $special = $this->currency->format($this->tax->calculate($result['special'], $result['tax_class_id'], $this->config->get('config_tax')), $this->session->data['currency']);
LINE: 47
CODE: $special = false;
LINE: 50
CODE: 'special'     => $special,
LINE: 73
CODE: $special = $this->currency->format($this->tax->calculate($result['special'], $result['tax_class_id'], $this->config->get('config_tax')), $this->session->data['currency']);
LINE: 227
CODE: $special = false;
LINE: 230
CODE: 'special'     => $special,
LINE: 253
CODE: $special = $this->currency->format($this->tax->calculate($result['special'], $result['tax_class_id'], $this->config->get('config_tax')), $this->session->data['currency']);
LINE: 119
CODE: $special = false;
LINE: 122
CODE: 'special'     => $special,
LINE: 145
CODE: $data['special'] = $this->currency->format($this->tax->calculate($product_info['special'], $product_info['tax_class_id'], $this->config->get('config_tax')), $this->session->data['currency']);
LINE: 359
CODE: $data['special'] = false;
LINE: 362
CODE: $this->load->model('tool/image');
LINE: 334
CODE: 'href' => $this->url->link('product/manufacturer/info', 'manufacturer_id=' . $result['manufacturer_id'])
LINE: 58
CODE: 'viewed'           => $query->row['viewed'],
LINE: 70
CODE: $data['points'] = $product_info['points'];
LINE: 313
CODE: $data['stock'] = $product_info['quantity'];
LINE: 327
CODE: $data['stock'] = $this->language->get('text_instock');
LINE: 333
CODE: $data['stock'] = $product_info['stock_status'];
LINE: 339
CODE: $data['popup'] = $this->model_tool_image->resize($product_info['image'], $this->config->get($this->config->get('config_theme') . '_image_popup_width'), $this->config->get($this->config->get('config_theme') . '_image_popup_height'));
LINE: 369
CODE: $data['thumb'] = $this->model_tool_image->resize($product_info['image'], $this->config->get($this->config->get('config_theme') . '_image_thumb_width'), $this->config->get($this->config->get('config_theme') . '_image_thumb_height'));
LINE: 378
CODE: $data['images'] = array();
LINE: 392
CODE: 'popup' => $this->model_tool_image->resize($result['image'], $this->config->get($this->config->get('config_theme') . '_image_popup_width'), $this->config->get($this->config->get('config_theme') . '_image_popup_height')),
LINE: 401
CODE: $data['images'] = array();
LINE: 400
CODE: if (isset($this->request->post['image'])) {
LINE: 1321
CODE: $product_id = $this->db->getLastId();
LINE: 16
CODE: date_modified = NOW() WHERE product_id = '" . (int)$product_id . "'");
LINE: 163
CODE: public function getProductImages($product_id) {
LINE: 610
CODE: public function getProductImages($product_id) {
LINE: 431
CODE: <li><a href="#tab-design" data-toggle="tab"><?php echo $tab_design; ?></a></li>
LINE: 40
CODE: <div class="tab-pane" id="tab-design">
LINE: 998
CODE: <?php echo $footer; ?>
LINE: 1603
CODE: public function autocomplete()
LINE: 1515
CODE: $data['action']
LINE: 800
CODE: $data['action']
LINE: 803
CODE: catalog/product_form
LINE: 1453
CODE: <div class="panel panel-default">
LINE: 22
CODE: <ul class="nav nav-tabs">
LINE: 32
CODE: <div class="pull-right">
LINE: 5
CODE: <?php echo $footer; ?>
LINE: 1625

FILE: admin/controller/catalog/category.php
CODE: public function autocomplete()
LINE: 737
CODE: $data['action']
LINE: 399
CODE: $data['action']
LINE: 402
CODE: catalog/category_form
LINE: 562

FILE: admin/view/template/catalog/category_form.tpl
CODE: <div class="panel panel-default">
LINE: 21
CODE: <ul class="nav nav-tabs">
LINE: 31
CODE: <div class="pull-right">
LINE: 5
CODE: <?php echo $footer; ?>
LINE: 336
----------------------------------------------------------------
MOD: <font color="#263238"><b>Materialize Theme — russian settings</b></font>

FILE: catalog/language/ru-ru/checkout/checkout.php
CODE: <?php
LINE: 2

FILE: catalog/language/ru-ru/affiliate/register.php
CODE: <?php
LINE: 2

FILE: catalog/language/ru-ru/affiliate/login.php
CODE: <?php
LINE: 2

FILE: catalog/language/ru-ru/affiliate/edit.php
CODE: <?php
LINE: 2

FILE: catalog/language/ru-ru/account/register.php
CODE: <?php
LINE: 2

FILE: catalog/language/ru-ru/account/login.php
CODE: <?php
LINE: 2

FILE: catalog/language/ru-ru/account/edit.php
CODE: <?php
LINE: 2

FILE: catalog/language/ru-ru/common/header.php
CODE: <?php
LINE: 1
CODE: <?php
LINE: 5

FILE: catalog/language/ru-ru/common/footer.php
CODE: <?php
LINE: 5
CODE: <a target="_blank" href="
LINE: 21

FILE: catalog/language/ru-ru/common/cart.php
CODE: <?php
LINE: 2

FILE: catalog/language/ru-ru/product/search.php
CODE: <?php
LINE: 7

FILE: catalog/language/ru-ru/product/category.php
CODE: <?php
LINE: 5

FILE: catalog/language/ru-ru/product/product.php
CODE: <?php
LINE: 8
CODE: <?php
LINE: 5

FILE: catalog/language/ru-ru/product/manufacturer.php
CODE: <?php
LINE: 5

FILE: catalog/language/ru-ru/product/special.php
CODE: <?php
LINE: 3

FILE: catalog/language/ru-ru/extension/module/latest.php
CODE: <?php
LINE: 2

FILE: catalog/language/ru-ru/extension/module/bestseller.php
CODE: <?php
LINE: 2

FILE: catalog/language/ru-ru/extension/module/featured.php
CODE: <?php
LINE: 2

FILE: catalog/language/ru-ru/extension/module/special.php
CODE: <?php
LINE: 2

FILE: catalog/language/ru-ru/product/compare.php
CODE: <?php
LINE: 1
CODE: <?php
LINE: 1
CODE: <?php
LINE: 1

FILE: admin/language/ru-ru/catalog/product.php
CODE: <?php
LINE: 1
CODE: <?php
LINE: 4
CODE: $_['heading_title'] = 'Последние';
LINE: 4

FILE: catalog/language/ru-ru/checkout/cart.php
CODE: $_['text_success']             = 'Товар <a href="%s">%s</a> добавлен в вашу <a href="%s">корзину</a>!';
LINE: 5
CODE: $_['error_required']           = '%s необходим!';
LINE: 39
CODE: $_['text_instock']                            = 'На складе';
LINE: 23
CODE: $_['text_option']                             = 'Доступные опции';
LINE: 26
CODE: $_['text_minimum']                            = 'Минимальное кол-во для заказа этого товара: %s. ';
LINE: 27
CODE: $_['text_reviews']                            = '%s отзывов';
LINE: 28
CODE: $_['text_note']                               = '<span class="text-danger">Внимание:</span> HTML не поддерживается! Используйте обычный текст!';
LINE: 32
CODE: $_['text_related']                            = 'Рекомендуемые товары';
LINE: 34
CODE: $_['entry_qty']                               = 'Кол-во';
LINE: 48
CODE: $_['text_success']      = 'Товар <a href="%s">%s</a> успешно добавлен в <a href="%s">список сравнения</a>!';
LINE: 20
CODE: $_['text_summary']      = 'Summary';
NOT FOUND - OPERATION SKIPPED!

FILE: catalog/language/ru-ru/account/wishlist.php
CODE: $_['text_login']    = 'Необходимо войти в <a href="%s">Личный кабинет</a> или <a href="%s">создать учетную запись</a>, чтобы добавить товар <a href="%s">%s</a> в свои <a href="%s">закладки</a>!';
LINE: 8
CODE: $_['text_success']  = 'Товар <a href="%s">%s</a> успешно добавлен в <a href="%s">закладки</a>!';
LINE: 9
CODE: $_['text_account']				   = 'Личный rабинет';
LINE: 7

FILE: catalog/language/ru-ru/ru-ru.php
CODE: $_['button_filter']         = 'Уточнение поиска';
LINE: 36

FILE: catalog/language/ru-ru/common/maintenance.php
CODE: $_['text_message']     = '<br/><br/><br/><br/><br/><br/><br/><br/><br/><br/><h1 style="text-align:center;">В настоящее время магазин закрыт на техническое обслуживание. <br/>Пожалуйста, зайдите чуть позже!</h1><br/><br/><br/><br/><br/><br/><br/><br/><br/><br/>';
LINE: 6
----------------------------------------------------------------
2017-08-20 19:04:00 - MOD: Modification Default

FILE: system/engine/action.php
REGEX: ~(require|include)(_once)?\(([^)]+)~
LINE: 41

FILE: system/engine/loader.php
REGEX: ~(require|include)(_once)?\(([^)]+)~
LINE: 49
LINE: 108
LINE: 120
LINE: 165

FILE: system/library/config.php
REGEX: ~(require|include)(_once)?\(([^)]+)~
LINE: 23

FILE: system/library/language.php
REGEX: ~(require|include)(_once)?\(([^)]+)~
LINE: 38
LINE: 40
LINE: 49
LINE: 51
LINE: 60
LINE: 62

FILE: system/library/template/php.php
REGEX: ~(require|include)(_once)?\(([^)]+)~
LINE: 18

FILE: system/library/template/tiwg.php
REGEX: ~(require|include)(_once)?\(([^)]+)~
LINE: 24
----------------------------------------------------------------
MOD: fondy_payment

FILE: catalog/controller/checkout/checkout.php
CODE: public function index() {
LINE: 11

FILE: catalog/view/theme/default/template/checkout/checkout.tpl
CODE: <h1><?php echo $heading_title; ?></h1>
LINE: 26

FILE: catalog/view/theme/materialize/template/checkout/checkout.tpl
CODE: <h1><?php echo $heading_title; ?></h1>
LINE: 55
----------------------------------------------------------------
MOD: OcStore 2.3.x track number

FILE: admin/controller/sale/order.php
CODE: $data['shipping_method'] = $order_info['shipping_method'];
LINE: 567
LINE: 942
CODE: public function history() {
LINE: 1545

FILE: admin/model/sale/order.php
CODE: $order_query->row['order_id'],
LINE: 96

FILE: catalog/model/checkout/order.php
CODE: $order_query->row['order_id'],
LINE: 170

FILE: admin/view/template/sale/order_info.tpl
CODE: <td><?php echo $text_reward; ?></td>
LINE: 100
CODE: <?php echo $footer; ?>
LINE: 700

FILE: catalog/model/account/order.php
CODE: $order_query->row['order_id'],
LINE: 46

FILE: catalog/controller/account/order.php
CODE: if ($order_info['invoice_no']) {
LINE: 210

FILE: catalog/view/theme/default/template/account/order_info.tpl
CODE: <b><?php echo $text_shipping_method; ?></b> <?php echo $shipping_method; ?>
LINE: 49

FILE: catalog/view/theme/materialize/template/account/order_info.tpl
CODE: <b><?php echo $text_shipping_method; ?></b> <?php echo $shipping_method; ?>
LINE: 89
----------------------------------------------------------------
MOD: <font color="#263238"><b>Materialize Theme</b></font>

FILE: catalog/controller/checkout/guest.php
CODE: $data['text_select'] = $this->language->get('text_select');
LINE: 7

FILE: catalog/controller/checkout/login.php
CODE: $data['text_checkout_account'] = $this->language->get('text_checkout_account');
LINE: 7

FILE: catalog/controller/checkout/register.php
CODE: $data['text_checkout_payment_address'] = $this->language->get('text_checkout_payment_address');
LINE: 7

FILE: catalog/controller/affiliate/register.php
CODE: $data['heading_title'] = $this->language->get('heading_title');
LINE: 58

FILE: catalog/controller/affiliate/login.php
CODE: $data['heading_title'] = $this->language->get('heading_title');
LINE: 55

FILE: catalog/controller/affiliate/edit.php
CODE: $data['heading_title'] = $this->language->get('heading_title');
LINE: 56

FILE: catalog/controller/account/register.php
CODE: $data['heading_title'] = $this->language->get('heading_title');
LINE: 64

FILE: catalog/controller/account/login.php
CODE: $data['heading_title'] = $this->language->get('heading_title');
LINE: 116

FILE: catalog/controller/account/edit.php
CODE: $data['heading_title'] = $this->language->get('heading_title');
LINE: 61

FILE: catalog/controller/common/header.php
CODE: $this->load->language('common/header');
LINE: 47

FILE: catalog/controller/product/product.php
CODE: $data['points'] = $product_info['points'];
LINE: 281
CODE: $data['text_points'] = $this->language->get('text_points');
LINE: 243
CODE: $data['text_loading'] = $this->language->get('text_loading');
LINE: 256

FILE: catalog/model/catalog/product.php
CODE: $sql .= " AND pf.filter_id IN (" . implode(',', $implode) . ")";
LINE: 104
LINE: 469
CODE: $sql .= " AND p.manufacturer_id = '" . (int)$data['filter_manufacturer_id'] . "'";
LINE: 167
LINE: 538
CODE: public function getRecurringDescription() {
LINE: 717
CODE: public function getTotalProductSpecials() {
LINE: 593

FILE: catalog/controller/common/search.php
CODE: public function index() {
LINE: 57
CODE: public function index() {
LINE: 58
CODE: public function getProduct($product_id) {
LINE: 21

FILE: catalog/controller/affiliate/tracking.php
CODE: $this->load->model('catalog/product');
LINE: 61
CODE: $json[] = array(
LINE: 79
CODE: 'name' => strip_tags(html_entity_decode($result['name'], ENT_QUOTES, 'UTF-8')),
LINE: 81
CODE: $data['categories'][] = array(
LINE: 122
CODE: return $query->row['total'];
LINE: 325
CODE: $store_fax = $store_info['config_fax'];
LINE: 1652
LINE: 1894
CODE: => $order_info['store_name'],
LINE: 1801
LINE: 2010
CODE: $option_data = array();
LINE: 1024
LINE: 1743
LINE: 1958
CODE: $product_data[] = array(
LINE: 1767
LINE: 1993
CODE: $product_data[] = array(
LINE: 1769
LINE: 1997

FILE: admin/view/template/sale/order_shipping.tpl
CODE: <div style="page-break-after: always;">
LINE: 16
CODE: <td><b><?php echo $column_product; ?></b></td>
LINE: 67
CODE: <td><?php echo $product['name']; ?>
LINE: 96

FILE: admin/view/template/sale/order_invoice.tpl
CODE: <div style="page-break-after: always;">
LINE: 16
CODE: <td><b><?php echo $column_product; ?></b></td>
LINE: 69
CODE: <td><?php echo $product['name']; ?>
LINE: 80
CODE: colspan="4"
LINE: 102

FILE: system/library/document.php
CODE: public function addLink($href, $rel) {
LINE: 34
CODE: 'rel'  => $rel
LINE: 37
CODE: $this->document->addLink($server . 'image/' . $this->config->get('config_icon'), 'icon');
LINE: 23

FILE: catalog/controller/product/category.php
CODE: $data['categories'][] = array(
LINE: 171
CODE: public function index() {
LINE: 7

FILE: catalog/controller/common/footer.php
CODE: $data['contact'] = $this->url->link('information/contact');
LINE: 36
CODE: $data['points'] = $product_info['points'];
LINE: 283
CODE: $data['points'] = $product_info['points'];
LINE: 283
CODE: $data['rating'] = (int)$product_info['rating'];
LINE: 408
CODE: $data['logo'] = $server . 'image/' . $this->config->get('config_logo');
LINE: 72
CODE: $data['text_all'] = $this->language->get('text_all');
LINE: 112
CODE: $data['name'] = $this->config->get('config_name');
LINE: 68
CODE: $data['text_newsletter'] = $this->language->get('text_newsletter');
LINE: 25
CODE: $data['powered'] = sprintf($this->language->get('text_powered'), $this->config->get('config_name'), date('Y', time()));
LINE: 54

FILE: catalog/controller/common/cart.php
CODE: $data['text_loading'] = $this->language->get('text_loading');
LINE: 56
CODE: $data['text_items'] = sprintf($this->language->get('text_items'), $this->cart->countProducts() + (isset($this->session->data['vouchers']) ? count($this->session->data['vouchers']) : 0), $this->currency->format($total, $this->session->data['currency']));
LINE: 53

FILE: catalog/controller/checkout/cart.php
CODE: $json['total'] = sprintf($this->language->get('text_items'), $this->cart->countProducts() + (isset($this->session->data['vouchers']) ? count($this->session->data['vouchers']) : 0), $this->currency->format($total, $this->session->data['currency']));
LINE: 394
LINE: 493

FILE: catalog/controller/product/compare.php
CODE: $json['total'] = sprintf($this->language->get('text_compare'), (isset($this->session->data['compare']) ? count($this->session->data['compare']) : 0));
LINE: 188

FILE: catalog/controller/product/search.php
CODE: $data['text_limit'] = $this->language->get('text_limit');
LINE: 151
CODE: $data['text_limit'] = $this->language->get('text_limit');
LINE: 123
CODE: $data['text_loading'] = $this->language->get('text_loading');
LINE: 260
CODE: $data['text_loading'] = $this->language->get('text_loading');
LINE: 263

FILE: catalog/controller/product/manufacturer.php
CODE: $data['text_empty'] = $this->language->get('text_empty');
LINE: 19
LINE: 178

FILE: catalog/controller/product/special.php
CODE: $data['text_limit'] = $this->language->get('text_limit');
LINE: 79

FILE: catalog/controller/extension/module/latest.php
CODE: $data['text_tax'] = $this->language->get('text_tax');
LINE: 9

FILE: catalog/controller/extension/module/bestseller.php
CODE: $data['text_tax'] = $this->language->get('text_tax');
LINE: 9

FILE: catalog/controller/extension/module/featured.php
CODE: $data['text_tax'] = $this->language->get('text_tax');
LINE: 9

FILE: catalog/controller/extension/module/special.php
CODE: $data['text_tax'] = $this->language->get('text_tax');
LINE: 9
CODE: public function index() {
LINE: 3
CODE: public function index() {
LINE: 3
CODE: public function index() {
LINE: 3
CODE: public function index() {
LINE: 3
CODE: public function info() {
LINE: 72
CODE: public function index() {
LINE: 5
CODE: public function review() {
LINE: 589
CODE: public function index() {
LINE: 3
CODE: public function index() {
LINE: 3
CODE: public function index($setting) {
LINE: 3

FILE: catalog/controller/extension/module/carousel.php
CODE: public function index($setting) {
LINE: 3

FILE: catalog/controller/extension/module/banner.php
CODE: public function index($setting) {
LINE: 3
CODE: public function index($setting) {
LINE: 3
CODE: public function index($setting) {
LINE: 3
CODE: public function index($setting) {
LINE: 3
CODE: public function index() {
LINE: 3
CODE: $this->document->setDescription($product_info['meta_description']);
LINE: 223
CODE: public function getProducts($data = array()) {
LINE: 82
CODE: $product_info = $this->model_catalog_product->getProduct($product_id);
LINE: 160
LINE: 771
CODE: $data['home'] = $this->url->link('common/home');
LINE: 120
CODE: $sql .= " ORDER BY LCASE(" . $data['sort'] . ")";
LINE: 207
LINE: 259
CODE: $sql .= " ORDER BY (CASE WHEN special IS NOT NULL THEN special WHEN discount IS NOT NULL THEN discount ELSE p.price END)";
LINE: 209
CODE: $sql .= " ORDER BY " . $data['sort'];
LINE: 211
LINE: 261
CODE: $sql .= " ORDER BY p.sort_order";
LINE: 214
LINE: 264
CODE: $data['breadcrumbs'] = array();
LINE: 47
CODE: $data['button_cart'] = $this->language->get('button_cart');
LINE: 132
CODE: $filter,
LINE: 201
CODE: $data['limit'] = $limit;
LINE: 398
CODE: if (!empty($data['filter_name']) || !empty($data['filter_tag'])) {
LINE: 134
LINE: 508

FILE: system/library/image.php
CODE: public function save($file, $quality = 90) {
LINE: 56
CODE: imagejpeg($this->image, $file, $quality);
LINE: 63

FILE: system/library/cart/weight.php
CODE: public function format($value, $weight_class_id, $decimal_point = '.', $thousand_point = ',') {
LINE: 41
CODE: return number_format($value, 2, $decimal_point, $thousand_point) . $this->weights[$weight_class_id]['unit'];
LINE: 43
CODE: return number_format($value, 2, $decimal_point, $thousand_point);
LINE: 45
CODE: $data['text_tags'] = $this->language->get('text_tags');
LINE: 267
CODE: $data['points'] = $product_info['points'];
LINE: 311
CODE: 'name'  => $child['name'] . ($this->config->get('config_product_count') ? ' (' . $this->model_catalog_product->getTotalProducts($filter_data) . ')' : ''),
LINE: 158

FILE: catalog/controller/extension/module/category.php
CODE: 'name' => $child['name'] . ($this->config->get('config_product_count') ? ' (' . $this->model_catalog_product->getTotalProducts($filter_data) . ')' : ''),
LINE: 44
CODE: 'name'        => $category['name'] . ($this->config->get('config_product_count') ? ' (' . $this->model_catalog_product->getTotalProducts($filter_data) . ')' : ''),
LINE: 57

FILE: admin/model/catalog/product.php
CODE: $this->db->query("DELETE FROM " . DB_PREFIX . "product_related WHERE product_id = '" . (int)$related_id . "' AND related_id = '" . (int)$product_id . "'");
LINE: 101
LINE: 254
CODE: $this->db->query("INSERT INTO " . DB_PREFIX . "product_related SET product_id = '" . (int)$related_id . "', related_id = '" . (int)$product_id . "'");
LINE: 102
LINE: 255
CODE: $this->db->query("DELETE FROM " . DB_PREFIX . "product_related WHERE related_id = '" . (int)$product_id . "'");
LINE: 248
LINE: 337

FILE: admin/controller/catalog/product.php
CODE: if (isset($this->request->post['status'])) {
LINE: 1041
CODE: $data['entry_status'] = $this->language->get('entry_status');
LINE: 671
CODE: if (isset($data['image'])) {
LINE: 10
LINE: 144

FILE: admin/view/template/catalog/product_form.tpl
CODE: <label class="col-sm-2 control-label" for="input-status"><?php echo $entry_status; ?></label>
LINE: 323
CODE: $data['rating'] = (int)$product_info['rating'];
LINE: 437
CODE: 'product_id'  => $result['product_id'],
LINE: 488
CODE: 'product_id'  => $result['product_id'],
LINE: 247
CODE: 'product_id'  => $result['product_id'],
LINE: 137
CODE: 'product_id'  => $result['product_id'],
LINE: 245
CODE: 'product_id'  => $result['product_id'],
LINE: 256
CODE: 'product_id'   => $product_info['product_id'],
LINE: 115
CODE: 'product_id'  => $result['product_id'],
LINE: 65
CODE: 'product_id'  => $result['product_id'],
LINE: 65
CODE: 'product_id'  => $result['product_id'],
LINE: 58
CODE: 'product_id'  => $product_info['product_id'],
LINE: 65

FILE: catalog/controller/account/wishlist.php
CODE: 'product_id' => $product_info['product_id'],
LINE: 104
CODE: 'viewed'           => $query->row['viewed']
LINE: 67
CODE: $special = $this->currency->format($this->tax->calculate($result['special'], $result['tax_class_id'], $this->config->get('config_tax')), $this->session->data['currency']);
LINE: 470
CODE: $special = false;
LINE: 473
CODE: 'special'     => $special,
LINE: 496
CODE: $special = $this->currency->format($this->tax->calculate($result['special'], $result['tax_class_id'], $this->config->get('config_tax')), $this->session->data['currency']);
LINE: 229
CODE: $special = false;
LINE: 232
CODE: 'special'     => $special,
LINE: 255
CODE: $special = $this->currency->format($this->tax->calculate($result['special'], $result['tax_class_id'], $this->config->get('config_tax')), $this->session->data['currency']);
LINE: 238
CODE: $special = false;
LINE: 241
CODE: 'special'     => $special,
LINE: 264
CODE: $special = $this->currency->format($this->tax->calculate($product_info['special'], $product_info['tax_class_id'], $this->config->get('config_tax')), $this->session->data['currency']);
LINE: 47
CODE: $special = false;
LINE: 50
CODE: 'special'     => $special,
LINE: 73
CODE: $special = $this->currency->format($this->tax->calculate($result['special'], $result['tax_class_id'], $this->config->get('config_tax')), $this->session->data['currency']);
LINE: 40
CODE: $special = false;
LINE: 43
CODE: 'special'     => $special,
LINE: 66
CODE: $special = $this->currency->format($this->tax->calculate($result['special'], $result['tax_class_id'], $this->config->get('config_tax')), $this->session->data['currency']);
LINE: 47
CODE: $special = false;
LINE: 50
CODE: 'special'     => $special,
LINE: 73
CODE: $special = $this->currency->format($this->tax->calculate($result['special'], $result['tax_class_id'], $this->config->get('config_tax')), $this->session->data['currency']);
LINE: 47
CODE: $special = false;
LINE: 50
CODE: 'special'     => $special,
LINE: 73
CODE: $special = $this->currency->format($this->tax->calculate($result['special'], $result['tax_class_id'], $this->config->get('config_tax')), $this->session->data['currency']);
LINE: 227
CODE: $special = false;
LINE: 230
CODE: 'special'     => $special,
LINE: 253
CODE: $special = $this->currency->format($this->tax->calculate($result['special'], $result['tax_class_id'], $this->config->get('config_tax')), $this->session->data['currency']);
LINE: 119
CODE: $special = false;
LINE: 122
CODE: 'special'     => $special,
LINE: 145
CODE: $data['special'] = $this->currency->format($this->tax->calculate($product_info['special'], $product_info['tax_class_id'], $this->config->get('config_tax')), $this->session->data['currency']);
LINE: 359
CODE: $data['special'] = false;
LINE: 362
CODE: $this->load->model('tool/image');
LINE: 334
CODE: 'href' => $this->url->link('product/manufacturer/info', 'manufacturer_id=' . $result['manufacturer_id'])
LINE: 58
CODE: 'viewed'           => $query->row['viewed'],
LINE: 70
CODE: $data['points'] = $product_info['points'];
LINE: 313
CODE: $data['stock'] = $product_info['quantity'];
LINE: 327
CODE: $data['stock'] = $this->language->get('text_instock');
LINE: 333
CODE: $data['stock'] = $product_info['stock_status'];
LINE: 339
CODE: $data['popup'] = $this->model_tool_image->resize($product_info['image'], $this->config->get($this->config->get('config_theme') . '_image_popup_width'), $this->config->get($this->config->get('config_theme') . '_image_popup_height'));
LINE: 369
CODE: $data['thumb'] = $this->model_tool_image->resize($product_info['image'], $this->config->get($this->config->get('config_theme') . '_image_thumb_width'), $this->config->get($this->config->get('config_theme') . '_image_thumb_height'));
LINE: 378
CODE: $data['images'] = array();
LINE: 392
CODE: 'popup' => $this->model_tool_image->resize($result['image'], $this->config->get($this->config->get('config_theme') . '_image_popup_width'), $this->config->get($this->config->get('config_theme') . '_image_popup_height')),
LINE: 401
CODE: $data['images'] = array();
LINE: 400
CODE: if (isset($this->request->post['image'])) {
LINE: 1321
CODE: $product_id = $this->db->getLastId();
LINE: 16
CODE: date_modified = NOW() WHERE product_id = '" . (int)$product_id . "'");
LINE: 163
CODE: public function getProductImages($product_id) {
LINE: 610
CODE: public function getProductImages($product_id) {
LINE: 431
CODE: <li><a href="#tab-design" data-toggle="tab"><?php echo $tab_design; ?></a></li>
LINE: 40
CODE: <div class="tab-pane" id="tab-design">
LINE: 998
CODE: <?php echo $footer; ?>
LINE: 1603
CODE: public function autocomplete()
LINE: 1515
CODE: $data['action']
LINE: 800
CODE: $data['action']
LINE: 803
CODE: catalog/product_form
LINE: 1453
CODE: <div class="panel panel-default">
LINE: 22
CODE: <ul class="nav nav-tabs">
LINE: 32
CODE: <div class="pull-right">
LINE: 5
CODE: <?php echo $footer; ?>
LINE: 1625

FILE: admin/controller/catalog/category.php
CODE: public function autocomplete()
LINE: 737
CODE: $data['action']
LINE: 399
CODE: $data['action']
LINE: 402
CODE: catalog/category_form
LINE: 562

FILE: admin/view/template/catalog/category_form.tpl
CODE: <div class="panel panel-default">
LINE: 21
CODE: <ul class="nav nav-tabs">
LINE: 31
CODE: <div class="pull-right">
LINE: 5
CODE: <?php echo $footer; ?>
LINE: 336
----------------------------------------------------------------
MOD: <font color="#263238"><b>Materialize Theme — russian settings</b></font>

FILE: catalog/language/ru-ru/checkout/checkout.php
CODE: <?php
LINE: 2

FILE: catalog/language/ru-ru/affiliate/register.php
CODE: <?php
LINE: 2

FILE: catalog/language/ru-ru/affiliate/login.php
CODE: <?php
LINE: 2

FILE: catalog/language/ru-ru/affiliate/edit.php
CODE: <?php
LINE: 2

FILE: catalog/language/ru-ru/account/register.php
CODE: <?php
LINE: 2

FILE: catalog/language/ru-ru/account/login.php
CODE: <?php
LINE: 2

FILE: catalog/language/ru-ru/account/edit.php
CODE: <?php
LINE: 2

FILE: catalog/language/ru-ru/common/header.php
CODE: <?php
LINE: 1
CODE: <?php
LINE: 5

FILE: catalog/language/ru-ru/common/footer.php
CODE: <?php
LINE: 5
CODE: <a target="_blank" href="
LINE: 21

FILE: catalog/language/ru-ru/common/cart.php
CODE: <?php
LINE: 2

FILE: catalog/language/ru-ru/product/search.php
CODE: <?php
LINE: 7

FILE: catalog/language/ru-ru/product/category.php
CODE: <?php
LINE: 5

FILE: catalog/language/ru-ru/product/product.php
CODE: <?php
LINE: 8
CODE: <?php
LINE: 5

FILE: catalog/language/ru-ru/product/manufacturer.php
CODE: <?php
LINE: 5

FILE: catalog/language/ru-ru/product/special.php
CODE: <?php
LINE: 3

FILE: catalog/language/ru-ru/extension/module/latest.php
CODE: <?php
LINE: 2

FILE: catalog/language/ru-ru/extension/module/bestseller.php
CODE: <?php
LINE: 2

FILE: catalog/language/ru-ru/extension/module/featured.php
CODE: <?php
LINE: 2

FILE: catalog/language/ru-ru/extension/module/special.php
CODE: <?php
LINE: 2

FILE: catalog/language/ru-ru/product/compare.php
CODE: <?php
LINE: 1
CODE: <?php
LINE: 1
CODE: <?php
LINE: 1

FILE: admin/language/ru-ru/catalog/product.php
CODE: <?php
LINE: 1
CODE: <?php
LINE: 4
CODE: $_['heading_title'] = 'Последние';
LINE: 4

FILE: catalog/language/ru-ru/checkout/cart.php
CODE: $_['text_success']             = 'Товар <a href="%s">%s</a> добавлен в вашу <a href="%s">корзину</a>!';
LINE: 5
CODE: $_['error_required']           = '%s необходим!';
LINE: 39
CODE: $_['text_instock']                            = 'На складе';
LINE: 23
CODE: $_['text_option']                             = 'Доступные опции';
LINE: 26
CODE: $_['text_minimum']                            = 'Минимальное кол-во для заказа этого товара: %s. ';
LINE: 27
CODE: $_['text_reviews']                            = '%s отзывов';
LINE: 28
CODE: $_['text_note']                               = '<span class="text-danger">Внимание:</span> HTML не поддерживается! Используйте обычный текст!';
LINE: 32
CODE: $_['text_related']                            = 'Рекомендуемые товары';
LINE: 34
CODE: $_['entry_qty']                               = 'Кол-во';
LINE: 48
CODE: $_['text_success']      = 'Товар <a href="%s">%s</a> успешно добавлен в <a href="%s">список сравнения</a>!';
LINE: 20
CODE: $_['text_summary']      = 'Summary';
NOT FOUND - OPERATION SKIPPED!

FILE: catalog/language/ru-ru/account/wishlist.php
CODE: $_['text_login']    = 'Необходимо войти в <a href="%s">Личный кабинет</a> или <a href="%s">создать учетную запись</a>, чтобы добавить товар <a href="%s">%s</a> в свои <a href="%s">закладки</a>!';
LINE: 8
CODE: $_['text_success']  = 'Товар <a href="%s">%s</a> успешно добавлен в <a href="%s">закладки</a>!';
LINE: 9
CODE: $_['text_account']				   = 'Личный rабинет';
LINE: 7

FILE: catalog/language/ru-ru/ru-ru.php
CODE: $_['button_filter']         = 'Уточнение поиска';
LINE: 36

FILE: catalog/language/ru-ru/common/maintenance.php
CODE: $_['text_message']     = '<br/><br/><br/><br/><br/><br/><br/><br/><br/><br/><h1 style="text-align:center;">В настоящее время магазин закрыт на техническое обслуживание. <br/>Пожалуйста, зайдите чуть позже!</h1><br/><br/><br/><br/><br/><br/><br/><br/><br/><br/>';
LINE: 6
----------------------------------------------------------------
2017-08-20 19:04:16 - MOD: Modification Default

FILE: system/engine/action.php
REGEX: ~(require|include)(_once)?\(([^)]+)~
LINE: 41

FILE: system/engine/loader.php
REGEX: ~(require|include)(_once)?\(([^)]+)~
LINE: 49
LINE: 108
LINE: 120
LINE: 165

FILE: system/library/config.php
REGEX: ~(require|include)(_once)?\(([^)]+)~
LINE: 23

FILE: system/library/language.php
REGEX: ~(require|include)(_once)?\(([^)]+)~
LINE: 38
LINE: 40
LINE: 49
LINE: 51
LINE: 60
LINE: 62

FILE: system/library/template/php.php
REGEX: ~(require|include)(_once)?\(([^)]+)~
LINE: 18

FILE: system/library/template/tiwg.php
REGEX: ~(require|include)(_once)?\(([^)]+)~
LINE: 24
----------------------------------------------------------------
MOD: fondy_payment

FILE: catalog/controller/checkout/checkout.php
CODE: public function index() {
LINE: 11

FILE: catalog/view/theme/default/template/checkout/checkout.tpl
CODE: <h1><?php echo $heading_title; ?></h1>
LINE: 26

FILE: catalog/view/theme/materialize/template/checkout/checkout.tpl
CODE: <h1><?php echo $heading_title; ?></h1>
LINE: 55
----------------------------------------------------------------
MOD: OcStore 2.3.x track number

FILE: admin/controller/sale/order.php
CODE: $data['shipping_method'] = $order_info['shipping_method'];
LINE: 567
LINE: 942
CODE: public function history() {
LINE: 1545

FILE: admin/model/sale/order.php
CODE: $order_query->row['order_id'],
LINE: 96

FILE: catalog/model/checkout/order.php
CODE: $order_query->row['order_id'],
LINE: 170

FILE: admin/view/template/sale/order_info.tpl
CODE: <td><?php echo $text_reward; ?></td>
LINE: 100
CODE: <?php echo $footer; ?>
LINE: 700

FILE: catalog/model/account/order.php
CODE: $order_query->row['order_id'],
LINE: 46

FILE: catalog/controller/account/order.php
CODE: if ($order_info['invoice_no']) {
LINE: 210

FILE: catalog/view/theme/default/template/account/order_info.tpl
CODE: <b><?php echo $text_shipping_method; ?></b> <?php echo $shipping_method; ?>
LINE: 49

FILE: catalog/view/theme/materialize/template/account/order_info.tpl
CODE: <b><?php echo $text_shipping_method; ?></b> <?php echo $shipping_method; ?>
LINE: 89
----------------------------------------------------------------
MOD: <font color="#263238"><b>Materialize Theme</b></font>

FILE: catalog/controller/checkout/guest.php
CODE: $data['text_select'] = $this->language->get('text_select');
LINE: 7

FILE: catalog/controller/checkout/login.php
CODE: $data['text_checkout_account'] = $this->language->get('text_checkout_account');
LINE: 7

FILE: catalog/controller/checkout/register.php
CODE: $data['text_checkout_payment_address'] = $this->language->get('text_checkout_payment_address');
LINE: 7

FILE: catalog/controller/affiliate/register.php
CODE: $data['heading_title'] = $this->language->get('heading_title');
LINE: 58

FILE: catalog/controller/affiliate/login.php
CODE: $data['heading_title'] = $this->language->get('heading_title');
LINE: 55

FILE: catalog/controller/affiliate/edit.php
CODE: $data['heading_title'] = $this->language->get('heading_title');
LINE: 56

FILE: catalog/controller/account/register.php
CODE: $data['heading_title'] = $this->language->get('heading_title');
LINE: 64

FILE: catalog/controller/account/login.php
CODE: $data['heading_title'] = $this->language->get('heading_title');
LINE: 116

FILE: catalog/controller/account/edit.php
CODE: $data['heading_title'] = $this->language->get('heading_title');
LINE: 61

FILE: catalog/controller/common/header.php
CODE: $this->load->language('common/header');
LINE: 47

FILE: catalog/controller/product/product.php
CODE: $data['points'] = $product_info['points'];
LINE: 281
CODE: $data['text_points'] = $this->language->get('text_points');
LINE: 243
CODE: $data['text_loading'] = $this->language->get('text_loading');
LINE: 256

FILE: catalog/model/catalog/product.php
CODE: $sql .= " AND pf.filter_id IN (" . implode(',', $implode) . ")";
LINE: 104
LINE: 469
CODE: $sql .= " AND p.manufacturer_id = '" . (int)$data['filter_manufacturer_id'] . "'";
LINE: 167
LINE: 538
CODE: public function getRecurringDescription() {
LINE: 717
CODE: public function getTotalProductSpecials() {
LINE: 593

FILE: catalog/controller/common/search.php
CODE: public function index() {
LINE: 57
CODE: public function index() {
LINE: 58
CODE: public function getProduct($product_id) {
LINE: 21

FILE: catalog/controller/affiliate/tracking.php
CODE: $this->load->model('catalog/product');
LINE: 61
CODE: $json[] = array(
LINE: 79
CODE: 'name' => strip_tags(html_entity_decode($result['name'], ENT_QUOTES, 'UTF-8')),
LINE: 81
CODE: $data['categories'][] = array(
LINE: 122
CODE: return $query->row['total'];
LINE: 325
CODE: $store_fax = $store_info['config_fax'];
LINE: 1652
LINE: 1894
CODE: => $order_info['store_name'],
LINE: 1801
LINE: 2010
CODE: $option_data = array();
LINE: 1024
LINE: 1743
LINE: 1958
CODE: $product_data[] = array(
LINE: 1767
LINE: 1993
CODE: $product_data[] = array(
LINE: 1769
LINE: 1997

FILE: admin/view/template/sale/order_shipping.tpl
CODE: <div style="page-break-after: always;">
LINE: 16
CODE: <td><b><?php echo $column_product; ?></b></td>
LINE: 67
CODE: <td><?php echo $product['name']; ?>
LINE: 96

FILE: admin/view/template/sale/order_invoice.tpl
CODE: <div style="page-break-after: always;">
LINE: 16
CODE: <td><b><?php echo $column_product; ?></b></td>
LINE: 69
CODE: <td><?php echo $product['name']; ?>
LINE: 80
CODE: colspan="4"
LINE: 102

FILE: system/library/document.php
CODE: public function addLink($href, $rel) {
LINE: 34
CODE: 'rel'  => $rel
LINE: 37
CODE: $this->document->addLink($server . 'image/' . $this->config->get('config_icon'), 'icon');
LINE: 23

FILE: catalog/controller/product/category.php
CODE: $data['categories'][] = array(
LINE: 171
CODE: public function index() {
LINE: 7

FILE: catalog/controller/common/footer.php
CODE: $data['contact'] = $this->url->link('information/contact');
LINE: 36
CODE: $data['points'] = $product_info['points'];
LINE: 283
CODE: $data['points'] = $product_info['points'];
LINE: 283
CODE: $data['rating'] = (int)$product_info['rating'];
LINE: 408
CODE: $data['logo'] = $server . 'image/' . $this->config->get('config_logo');
LINE: 72
CODE: $data['text_all'] = $this->language->get('text_all');
LINE: 112
CODE: $data['name'] = $this->config->get('config_name');
LINE: 68
CODE: $data['text_newsletter'] = $this->language->get('text_newsletter');
LINE: 25
CODE: $data['powered'] = sprintf($this->language->get('text_powered'), $this->config->get('config_name'), date('Y', time()));
LINE: 54

FILE: catalog/controller/common/cart.php
CODE: $data['text_loading'] = $this->language->get('text_loading');
LINE: 56
CODE: $data['text_items'] = sprintf($this->language->get('text_items'), $this->cart->countProducts() + (isset($this->session->data['vouchers']) ? count($this->session->data['vouchers']) : 0), $this->currency->format($total, $this->session->data['currency']));
LINE: 53

FILE: catalog/controller/checkout/cart.php
CODE: $json['total'] = sprintf($this->language->get('text_items'), $this->cart->countProducts() + (isset($this->session->data['vouchers']) ? count($this->session->data['vouchers']) : 0), $this->currency->format($total, $this->session->data['currency']));
LINE: 394
LINE: 493

FILE: catalog/controller/product/compare.php
CODE: $json['total'] = sprintf($this->language->get('text_compare'), (isset($this->session->data['compare']) ? count($this->session->data['compare']) : 0));
LINE: 188

FILE: catalog/controller/product/search.php
CODE: $data['text_limit'] = $this->language->get('text_limit');
LINE: 151
CODE: $data['text_limit'] = $this->language->get('text_limit');
LINE: 123
CODE: $data['text_loading'] = $this->language->get('text_loading');
LINE: 260
CODE: $data['text_loading'] = $this->language->get('text_loading');
LINE: 263

FILE: catalog/controller/product/manufacturer.php
CODE: $data['text_empty'] = $this->language->get('text_empty');
LINE: 19
LINE: 178

FILE: catalog/controller/product/special.php
CODE: $data['text_limit'] = $this->language->get('text_limit');
LINE: 79

FILE: catalog/controller/extension/module/latest.php
CODE: $data['text_tax'] = $this->language->get('text_tax');
LINE: 9

FILE: catalog/controller/extension/module/bestseller.php
CODE: $data['text_tax'] = $this->language->get('text_tax');
LINE: 9

FILE: catalog/controller/extension/module/featured.php
CODE: $data['text_tax'] = $this->language->get('text_tax');
LINE: 9

FILE: catalog/controller/extension/module/special.php
CODE: $data['text_tax'] = $this->language->get('text_tax');
LINE: 9
CODE: public function index() {
LINE: 3
CODE: public function index() {
LINE: 3
CODE: public function index() {
LINE: 3
CODE: public function index() {
LINE: 3
CODE: public function info() {
LINE: 72
CODE: public function index() {
LINE: 5
CODE: public function review() {
LINE: 589
CODE: public function index() {
LINE: 3
CODE: public function index() {
LINE: 3
CODE: public function index($setting) {
LINE: 3

FILE: catalog/controller/extension/module/carousel.php
CODE: public function index($setting) {
LINE: 3

FILE: catalog/controller/extension/module/banner.php
CODE: public function index($setting) {
LINE: 3
CODE: public function index($setting) {
LINE: 3
CODE: public function index($setting) {
LINE: 3
CODE: public function index($setting) {
LINE: 3
CODE: public function index() {
LINE: 3
CODE: $this->document->setDescription($product_info['meta_description']);
LINE: 223
CODE: public function getProducts($data = array()) {
LINE: 82
CODE: $product_info = $this->model_catalog_product->getProduct($product_id);
LINE: 160
LINE: 771
CODE: $data['home'] = $this->url->link('common/home');
LINE: 120
CODE: $sql .= " ORDER BY LCASE(" . $data['sort'] . ")";
LINE: 207
LINE: 259
CODE: $sql .= " ORDER BY (CASE WHEN special IS NOT NULL THEN special WHEN discount IS NOT NULL THEN discount ELSE p.price END)";
LINE: 209
CODE: $sql .= " ORDER BY " . $data['sort'];
LINE: 211
LINE: 261
CODE: $sql .= " ORDER BY p.sort_order";
LINE: 214
LINE: 264
CODE: $data['breadcrumbs'] = array();
LINE: 47
CODE: $data['button_cart'] = $this->language->get('button_cart');
LINE: 132
CODE: $filter,
LINE: 201
CODE: $data['limit'] = $limit;
LINE: 398
CODE: if (!empty($data['filter_name']) || !empty($data['filter_tag'])) {
LINE: 134
LINE: 508

FILE: system/library/image.php
CODE: public function save($file, $quality = 90) {
LINE: 56
CODE: imagejpeg($this->image, $file, $quality);
LINE: 63

FILE: system/library/cart/weight.php
CODE: public function format($value, $weight_class_id, $decimal_point = '.', $thousand_point = ',') {
LINE: 41
CODE: return number_format($value, 2, $decimal_point, $thousand_point) . $this->weights[$weight_class_id]['unit'];
LINE: 43
CODE: return number_format($value, 2, $decimal_point, $thousand_point);
LINE: 45
CODE: $data['text_tags'] = $this->language->get('text_tags');
LINE: 267
CODE: $data['points'] = $product_info['points'];
LINE: 311
CODE: 'name'  => $child['name'] . ($this->config->get('config_product_count') ? ' (' . $this->model_catalog_product->getTotalProducts($filter_data) . ')' : ''),
LINE: 158

FILE: catalog/controller/extension/module/category.php
CODE: 'name' => $child['name'] . ($this->config->get('config_product_count') ? ' (' . $this->model_catalog_product->getTotalProducts($filter_data) . ')' : ''),
LINE: 44
CODE: 'name'        => $category['name'] . ($this->config->get('config_product_count') ? ' (' . $this->model_catalog_product->getTotalProducts($filter_data) . ')' : ''),
LINE: 57

FILE: admin/model/catalog/product.php
CODE: $this->db->query("DELETE FROM " . DB_PREFIX . "product_related WHERE product_id = '" . (int)$related_id . "' AND related_id = '" . (int)$product_id . "'");
LINE: 101
LINE: 254
CODE: $this->db->query("INSERT INTO " . DB_PREFIX . "product_related SET product_id = '" . (int)$related_id . "', related_id = '" . (int)$product_id . "'");
LINE: 102
LINE: 255
CODE: $this->db->query("DELETE FROM " . DB_PREFIX . "product_related WHERE related_id = '" . (int)$product_id . "'");
LINE: 248
LINE: 337

FILE: admin/controller/catalog/product.php
CODE: if (isset($this->request->post['status'])) {
LINE: 1041
CODE: $data['entry_status'] = $this->language->get('entry_status');
LINE: 671
CODE: if (isset($data['image'])) {
LINE: 10
LINE: 144

FILE: admin/view/template/catalog/product_form.tpl
CODE: <label class="col-sm-2 control-label" for="input-status"><?php echo $entry_status; ?></label>
LINE: 323
CODE: $data['rating'] = (int)$product_info['rating'];
LINE: 437
CODE: 'product_id'  => $result['product_id'],
LINE: 488
CODE: 'product_id'  => $result['product_id'],
LINE: 247
CODE: 'product_id'  => $result['product_id'],
LINE: 137
CODE: 'product_id'  => $result['product_id'],
LINE: 245
CODE: 'product_id'  => $result['product_id'],
LINE: 256
CODE: 'product_id'   => $product_info['product_id'],
LINE: 115
CODE: 'product_id'  => $result['product_id'],
LINE: 65
CODE: 'product_id'  => $result['product_id'],
LINE: 65
CODE: 'product_id'  => $result['product_id'],
LINE: 58
CODE: 'product_id'  => $product_info['product_id'],
LINE: 65

FILE: catalog/controller/account/wishlist.php
CODE: 'product_id' => $product_info['product_id'],
LINE: 104
CODE: 'viewed'           => $query->row['viewed']
LINE: 67
CODE: $special = $this->currency->format($this->tax->calculate($result['special'], $result['tax_class_id'], $this->config->get('config_tax')), $this->session->data['currency']);
LINE: 470
CODE: $special = false;
LINE: 473
CODE: 'special'     => $special,
LINE: 496
CODE: $special = $this->currency->format($this->tax->calculate($result['special'], $result['tax_class_id'], $this->config->get('config_tax')), $this->session->data['currency']);
LINE: 229
CODE: $special = false;
LINE: 232
CODE: 'special'     => $special,
LINE: 255
CODE: $special = $this->currency->format($this->tax->calculate($result['special'], $result['tax_class_id'], $this->config->get('config_tax')), $this->session->data['currency']);
LINE: 238
CODE: $special = false;
LINE: 241
CODE: 'special'     => $special,
LINE: 264
CODE: $special = $this->currency->format($this->tax->calculate($product_info['special'], $product_info['tax_class_id'], $this->config->get('config_tax')), $this->session->data['currency']);
LINE: 47
CODE: $special = false;
LINE: 50
CODE: 'special'     => $special,
LINE: 73
CODE: $special = $this->currency->format($this->tax->calculate($result['special'], $result['tax_class_id'], $this->config->get('config_tax')), $this->session->data['currency']);
LINE: 40
CODE: $special = false;
LINE: 43
CODE: 'special'     => $special,
LINE: 66
CODE: $special = $this->currency->format($this->tax->calculate($result['special'], $result['tax_class_id'], $this->config->get('config_tax')), $this->session->data['currency']);
LINE: 47
CODE: $special = false;
LINE: 50
CODE: 'special'     => $special,
LINE: 73
CODE: $special = $this->currency->format($this->tax->calculate($result['special'], $result['tax_class_id'], $this->config->get('config_tax')), $this->session->data['currency']);
LINE: 47
CODE: $special = false;
LINE: 50
CODE: 'special'     => $special,
LINE: 73
CODE: $special = $this->currency->format($this->tax->calculate($result['special'], $result['tax_class_id'], $this->config->get('config_tax')), $this->session->data['currency']);
LINE: 227
CODE: $special = false;
LINE: 230
CODE: 'special'     => $special,
LINE: 253
CODE: $special = $this->currency->format($this->tax->calculate($result['special'], $result['tax_class_id'], $this->config->get('config_tax')), $this->session->data['currency']);
LINE: 119
CODE: $special = false;
LINE: 122
CODE: 'special'     => $special,
LINE: 145
CODE: $data['special'] = $this->currency->format($this->tax->calculate($product_info['special'], $product_info['tax_class_id'], $this->config->get('config_tax')), $this->session->data['currency']);
LINE: 359
CODE: $data['special'] = false;
LINE: 362
CODE: $this->load->model('tool/image');
LINE: 334
CODE: 'href' => $this->url->link('product/manufacturer/info', 'manufacturer_id=' . $result['manufacturer_id'])
LINE: 58
CODE: 'viewed'           => $query->row['viewed'],
LINE: 70
CODE: $data['points'] = $product_info['points'];
LINE: 313
CODE: $data['stock'] = $product_info['quantity'];
LINE: 327
CODE: $data['stock'] = $this->language->get('text_instock');
LINE: 333
CODE: $data['stock'] = $product_info['stock_status'];
LINE: 339
CODE: $data['popup'] = $this->model_tool_image->resize($product_info['image'], $this->config->get($this->config->get('config_theme') . '_image_popup_width'), $this->config->get($this->config->get('config_theme') . '_image_popup_height'));
LINE: 369
CODE: $data['thumb'] = $this->model_tool_image->resize($product_info['image'], $this->config->get($this->config->get('config_theme') . '_image_thumb_width'), $this->config->get($this->config->get('config_theme') . '_image_thumb_height'));
LINE: 378
CODE: $data['images'] = array();
LINE: 392
CODE: 'popup' => $this->model_tool_image->resize($result['image'], $this->config->get($this->config->get('config_theme') . '_image_popup_width'), $this->config->get($this->config->get('config_theme') . '_image_popup_height')),
LINE: 401
CODE: $data['images'] = array();
LINE: 400
CODE: if (isset($this->request->post['image'])) {
LINE: 1321
CODE: $product_id = $this->db->getLastId();
LINE: 16
CODE: date_modified = NOW() WHERE product_id = '" . (int)$product_id . "'");
LINE: 163
CODE: public function getProductImages($product_id) {
LINE: 610
CODE: public function getProductImages($product_id) {
LINE: 431
CODE: <li><a href="#tab-design" data-toggle="tab"><?php echo $tab_design; ?></a></li>
LINE: 40
CODE: <div class="tab-pane" id="tab-design">
LINE: 998
CODE: <?php echo $footer; ?>
LINE: 1603
CODE: public function autocomplete()
LINE: 1515
CODE: $data['action']
LINE: 800
CODE: $data['action']
LINE: 803
CODE: catalog/product_form
LINE: 1453
CODE: <div class="panel panel-default">
LINE: 22
CODE: <ul class="nav nav-tabs">
LINE: 32
CODE: <div class="pull-right">
LINE: 5
CODE: <?php echo $footer; ?>
LINE: 1625

FILE: admin/controller/catalog/category.php
CODE: public function autocomplete()
LINE: 737
CODE: $data['action']
LINE: 399
CODE: $data['action']
LINE: 402
CODE: catalog/category_form
LINE: 562

FILE: admin/view/template/catalog/category_form.tpl
CODE: <div class="panel panel-default">
LINE: 21
CODE: <ul class="nav nav-tabs">
LINE: 31
CODE: <div class="pull-right">
LINE: 5
CODE: <?php echo $footer; ?>
LINE: 336
----------------------------------------------------------------
MOD: <font color="#263238"><b>Materialize Theme — russian settings</b></font>

FILE: catalog/language/ru-ru/checkout/checkout.php
CODE: <?php
LINE: 2

FILE: catalog/language/ru-ru/affiliate/register.php
CODE: <?php
LINE: 2

FILE: catalog/language/ru-ru/affiliate/login.php
CODE: <?php
LINE: 2

FILE: catalog/language/ru-ru/affiliate/edit.php
CODE: <?php
LINE: 2

FILE: catalog/language/ru-ru/account/register.php
CODE: <?php
LINE: 2

FILE: catalog/language/ru-ru/account/login.php
CODE: <?php
LINE: 2

FILE: catalog/language/ru-ru/account/edit.php
CODE: <?php
LINE: 2

FILE: catalog/language/ru-ru/common/header.php
CODE: <?php
LINE: 1
CODE: <?php
LINE: 5

FILE: catalog/language/ru-ru/common/footer.php
CODE: <?php
LINE: 5
CODE: <a target="_blank" href="
LINE: 21

FILE: catalog/language/ru-ru/common/cart.php
CODE: <?php
LINE: 2

FILE: catalog/language/ru-ru/product/search.php
CODE: <?php
LINE: 7

FILE: catalog/language/ru-ru/product/category.php
CODE: <?php
LINE: 5

FILE: catalog/language/ru-ru/product/product.php
CODE: <?php
LINE: 8
CODE: <?php
LINE: 5

FILE: catalog/language/ru-ru/product/manufacturer.php
CODE: <?php
LINE: 5

FILE: catalog/language/ru-ru/product/special.php
CODE: <?php
LINE: 3

FILE: catalog/language/ru-ru/extension/module/latest.php
CODE: <?php
LINE: 2

FILE: catalog/language/ru-ru/extension/module/bestseller.php
CODE: <?php
LINE: 2

FILE: catalog/language/ru-ru/extension/module/featured.php
CODE: <?php
LINE: 2

FILE: catalog/language/ru-ru/extension/module/special.php
CODE: <?php
LINE: 2

FILE: catalog/language/ru-ru/product/compare.php
CODE: <?php
LINE: 1
CODE: <?php
LINE: 1
CODE: <?php
LINE: 1

FILE: admin/language/ru-ru/catalog/product.php
CODE: <?php
LINE: 1
CODE: <?php
LINE: 4
CODE: $_['heading_title'] = 'Последние';
LINE: 4

FILE: catalog/language/ru-ru/checkout/cart.php
CODE: $_['text_success']             = 'Товар <a href="%s">%s</a> добавлен в вашу <a href="%s">корзину</a>!';
LINE: 5
CODE: $_['error_required']           = '%s необходим!';
LINE: 39
CODE: $_['text_instock']                            = 'На складе';
LINE: 23
CODE: $_['text_option']                             = 'Доступные опции';
LINE: 26
CODE: $_['text_minimum']                            = 'Минимальное кол-во для заказа этого товара: %s. ';
LINE: 27
CODE: $_['text_reviews']                            = '%s отзывов';
LINE: 28
CODE: $_['text_note']                               = '<span class="text-danger">Внимание:</span> HTML не поддерживается! Используйте обычный текст!';
LINE: 32
CODE: $_['text_related']                            = 'Рекомендуемые товары';
LINE: 34
CODE: $_['entry_qty']                               = 'Кол-во';
LINE: 48
CODE: $_['text_success']      = 'Товар <a href="%s">%s</a> успешно добавлен в <a href="%s">список сравнения</a>!';
LINE: 20
CODE: $_['text_summary']      = 'Summary';
NOT FOUND - OPERATION SKIPPED!

FILE: catalog/language/ru-ru/account/wishlist.php
CODE: $_['text_login']    = 'Необходимо войти в <a href="%s">Личный кабинет</a> или <a href="%s">создать учетную запись</a>, чтобы добавить товар <a href="%s">%s</a> в свои <a href="%s">закладки</a>!';
LINE: 8
CODE: $_['text_success']  = 'Товар <a href="%s">%s</a> успешно добавлен в <a href="%s">закладки</a>!';
LINE: 9
CODE: $_['text_account']				   = 'Личный rабинет';
LINE: 7

FILE: catalog/language/ru-ru/ru-ru.php
CODE: $_['button_filter']         = 'Уточнение поиска';
LINE: 36

FILE: catalog/language/ru-ru/common/maintenance.php
CODE: $_['text_message']     = '<br/><br/><br/><br/><br/><br/><br/><br/><br/><br/><h1 style="text-align:center;">В настоящее время магазин закрыт на техническое обслуживание. <br/>Пожалуйста, зайдите чуть позже!</h1><br/><br/><br/><br/><br/><br/><br/><br/><br/><br/>';
LINE: 6
----------------------------------------------------------------
